<?xml version="1.0" encoding="UTF-8"?>
<testng-results ignored="0" total="1" passed="1" failed="0" skipped="0">
  <reporter-output>
  </reporter-output>
  <suite started-at="2024-03-12T14:56:40 IST" name="Default suite" finished-at="2024-03-12T14:56:49 IST" duration-ms="8795">
    <groups>
    </groups>
    <test started-at="2024-03-12T14:56:40 IST" name="Default test" finished-at="2024-03-12T14:56:49 IST" duration-ms="8795">
      <class name="tpack.Demo">
        <test-method signature="mOne()[pri:0, instance:tpack.Demo@dd8ba08]" started-at="2024-03-12T14:56:40 IST" name="mOne" finished-at="2024-03-12T14:56:49 IST" duration-ms="8757" status="PASS">
          <reporter-output>
          </reporter-output>
        </test-method> <!-- mOne -->
      </class> <!-- tpack.Demo -->
    </test> <!-- Default test -->
  </suite> <!-- Default suite -->
</testng-results>
